  common.c
E:\My Stuff\01 - Education\myTAU\IV\Y IV A\Introduction to Programming Systems\IPS_Projects\IPS_Ex1\Father\common.c(17,9): warning C4477: 'printf' : format string '%s' requires an argument of type 'char *', but variadic argument 1 has type 'int'
E:\My Stuff\01 - Education\myTAU\IV\Y IV A\Introduction to Programming Systems\IPS_Projects\IPS_Ex1\Father\common.c(19,6): warning C4013: 'exit' undefined; assuming extern returning int
  file_parser.c
E:\My Stuff\01 - Education\myTAU\IV\Y IV A\Introduction to Programming Systems\IPS_Projects\IPS_Ex1\Father\file_parser.c(22,58): warning C4047: 'function': 'int' differs in levels of indirection from 'char [121]'
E:\My Stuff\01 - Education\myTAU\IV\Y IV A\Introduction to Programming Systems\IPS_Projects\IPS_Ex1\Father\file_parser.c(22,50): warning C4024: 'print_error_and_exit': different types for formal and actual parameter 2
E:\My Stuff\01 - Education\myTAU\IV\Y IV A\Introduction to Programming Systems\IPS_Projects\IPS_Ex1\Father\file_parser.c(55,51): warning C4047: 'function': 'int' differs in levels of indirection from 'char [121]'
E:\My Stuff\01 - Education\myTAU\IV\Y IV A\Introduction to Programming Systems\IPS_Projects\IPS_Ex1\Father\file_parser.c(55,43): warning C4024: 'print_error_and_exit': different types for formal and actual parameter 2
  forest_mgr.c
E:\My Stuff\01 - Education\myTAU\IV\Y IV A\Introduction to Programming Systems\IPS_Projects\IPS_Ex1\Father\forest_mgr.c(42,8): warning C4013: 'strcpy' undefined; assuming extern returning int
E:\My Stuff\01 - Education\myTAU\IV\Y IV A\Introduction to Programming Systems\IPS_Projects\IPS_Ex1\Father\forest_mgr.c(49,59): warning C4047: 'function': 'int' differs in levels of indirection from 'char [120]'
E:\My Stuff\01 - Education\myTAU\IV\Y IV A\Introduction to Programming Systems\IPS_Projects\IPS_Ex1\Father\forest_mgr.c(49,51): warning C4024: 'print_error_and_exit': different types for formal and actual parameter 2
E:\My Stuff\01 - Education\myTAU\IV\Y IV A\Introduction to Programming Systems\IPS_Projects\IPS_Ex1\Father\forest_mgr.c(64,15): warning C4098: 'run_iterations': 'void' function returning a value
E:\My Stuff\01 - Education\myTAU\IV\Y IV A\Introduction to Programming Systems\IPS_Projects\IPS_Ex1\Father\forest_mgr.c(134,3): warning C4033: 'bury_forest_trees' must return a value
  main.c
E:\My Stuff\01 - Education\myTAU\IV\Y IV A\Introduction to Programming Systems\IPS_Projects\IPS_Ex1\Father\main.c(16,50): warning C4047: 'function': 'int' differs in levels of indirection from 'char [114]'
E:\My Stuff\01 - Education\myTAU\IV\Y IV A\Introduction to Programming Systems\IPS_Projects\IPS_Ex1\Father\main.c(16,42): warning C4024: 'print_error_and_exit': different types for formal and actual parameter 2
E:\My Stuff\01 - Education\myTAU\IV\Y IV A\Introduction to Programming Systems\IPS_Projects\IPS_Ex1\Father\main.c(20,58): warning C4047: 'function': 'int' differs in levels of indirection from 'char [114]'
E:\My Stuff\01 - Education\myTAU\IV\Y IV A\Introduction to Programming Systems\IPS_Projects\IPS_Ex1\Father\main.c(20,50): warning C4024: 'print_error_and_exit': different types for formal and actual parameter 2
  process_mgr.c
E:\My Stuff\01 - Education\myTAU\IV\Y IV A\Introduction to Programming Systems\IPS_Projects\IPS_Ex1\Father\process_mgr.c(32,65): warning C4047: 'function': 'int' differs in levels of indirection from 'char [121]'
E:\My Stuff\01 - Education\myTAU\IV\Y IV A\Introduction to Programming Systems\IPS_Projects\IPS_Ex1\Father\process_mgr.c(32,57): warning C4024: 'print_error_and_exit': different types for formal and actual parameter 2
E:\My Stuff\01 - Education\myTAU\IV\Y IV A\Introduction to Programming Systems\IPS_Projects\IPS_Ex1\Father\process_mgr.c(53,51): warning C4047: 'function': 'int' differs in levels of indirection from 'char [121]'
E:\My Stuff\01 - Education\myTAU\IV\Y IV A\Introduction to Programming Systems\IPS_Projects\IPS_Ex1\Father\process_mgr.c(53,43): warning C4024: 'print_error_and_exit': different types for formal and actual parameter 2
  Generating Code...
E:\My Stuff\01 - Education\myTAU\IV\Y IV A\Introduction to Programming Systems\IPS_Projects\IPS_Ex1\Father\forest_mgr.c(137): warning C4716: 'bury_forest_trees': must return a value
  Father.vcxproj -> E:\My Stuff\01 - Education\myTAU\IV\Y IV A\Introduction to Programming Systems\IPS_Projects\IPS_Ex1\Debug\Father.exe
