e:\my stuff\01 - education\mytau\iv\y iv a\introduction to programming systems\ips_projects\ips_ex1\son\debug\vc142.pdb
e:\my stuff\01 - education\mytau\iv\y iv a\introduction to programming systems\ips_projects\ips_ex1\son\debug\vc142.idb
e:\my stuff\01 - education\mytau\iv\y iv a\introduction to programming systems\ips_projects\ips_ex1\son\debug\main.obj
e:\my stuff\01 - education\mytau\iv\y iv a\introduction to programming systems\ips_projects\ips_ex1\debug\son.pdb
e:\my stuff\01 - education\mytau\iv\y iv a\introduction to programming systems\ips_projects\ips_ex1\son\debug\son.tlog\cl.command.1.tlog
e:\my stuff\01 - education\mytau\iv\y iv a\introduction to programming systems\ips_projects\ips_ex1\son\debug\son.tlog\cl.read.1.tlog
e:\my stuff\01 - education\mytau\iv\y iv a\introduction to programming systems\ips_projects\ips_ex1\son\debug\son.tlog\cl.write.1.tlog
e:\my stuff\01 - education\mytau\iv\y iv a\introduction to programming systems\ips_projects\ips_ex1\son\debug\son.tlog\link-cvtres.read.1.tlog
e:\my stuff\01 - education\mytau\iv\y iv a\introduction to programming systems\ips_projects\ips_ex1\son\debug\son.tlog\link-cvtres.write.1.tlog
e:\my stuff\01 - education\mytau\iv\y iv a\introduction to programming systems\ips_projects\ips_ex1\son\debug\son.tlog\link-rc.read.1.tlog
e:\my stuff\01 - education\mytau\iv\y iv a\introduction to programming systems\ips_projects\ips_ex1\son\debug\son.tlog\link-rc.write.1.tlog
e:\my stuff\01 - education\mytau\iv\y iv a\introduction to programming systems\ips_projects\ips_ex1\son\debug\son.tlog\link.62224-cvtres.read.1.tlog
e:\my stuff\01 - education\mytau\iv\y iv a\introduction to programming systems\ips_projects\ips_ex1\son\debug\son.tlog\link.62224-cvtres.write.1.tlog
e:\my stuff\01 - education\mytau\iv\y iv a\introduction to programming systems\ips_projects\ips_ex1\son\debug\son.tlog\link.62224-rc.read.1.tlog
e:\my stuff\01 - education\mytau\iv\y iv a\introduction to programming systems\ips_projects\ips_ex1\son\debug\son.tlog\link.62224-rc.write.1.tlog
e:\my stuff\01 - education\mytau\iv\y iv a\introduction to programming systems\ips_projects\ips_ex1\son\debug\son.tlog\link.62224.read.1.tlog
e:\my stuff\01 - education\mytau\iv\y iv a\introduction to programming systems\ips_projects\ips_ex1\son\debug\son.tlog\link.62224.write.1.tlog
e:\my stuff\01 - education\mytau\iv\y iv a\introduction to programming systems\ips_projects\ips_ex1\son\debug\son.tlog\link.command.1.tlog
e:\my stuff\01 - education\mytau\iv\y iv a\introduction to programming systems\ips_projects\ips_ex1\son\debug\son.tlog\link.read.1.tlog
e:\my stuff\01 - education\mytau\iv\y iv a\introduction to programming systems\ips_projects\ips_ex1\son\debug\son.tlog\link.write.1.tlog
